{"/Users/lucas.brogni/projects/cursor-config/shopping_cart/src/Product.ts": {"path":"/Users/lucas.brogni/projects/cursor-config/shopping_cart/src/Product.ts","statementMap":{"0":{"start":{"line":3,"column":12},"end":{"line":3,"column":23}},"1":{"start":{"line":4,"column":12},"end":{"line":4,"column":25}},"2":{"start":{"line":5,"column":12},"end":{"line":5,"column":26}},"3":{"start":{"line":9,"column":4},"end":{"line":9,"column":20}},"4":{"start":{"line":13,"column":4},"end":{"line":13,"column":22}},"5":{"start":{"line":17,"column":4},"end":{"line":17,"column":23}},"6":{"start":{"line":1,"column":0},"end":{"line":1,"column":13}}},"fnMap":{"0":{"name":"(anonymous_0)","decl":{"start":{"line":2,"column":2},"end":{"line":2,"column":null}},"loc":{"start":{"line":5,"column":26},"end":{"line":6,"column":6}}},"1":{"name":"(anonymous_1)","decl":{"start":{"line":8,"column":2},"end":{"line":8,"column":4}},"loc":{"start":{"line":8,"column":4},"end":{"line":10,"column":3}}},"2":{"name":"(anonymous_2)","decl":{"start":{"line":12,"column":2},"end":{"line":12,"column":6}},"loc":{"start":{"line":12,"column":6},"end":{"line":14,"column":3}}},"3":{"name":"(anonymous_3)","decl":{"start":{"line":16,"column":2},"end":{"line":16,"column":7}},"loc":{"start":{"line":16,"column":7},"end":{"line":18,"column":3}}}},"branchMap":{},"s":{"0":11,"1":11,"2":11,"3":18,"4":4,"5":4,"6":1},"f":{"0":11,"1":18,"2":4,"3":4},"b":{}}
,"/Users/lucas.brogni/projects/cursor-config/shopping_cart/src/ShoppingCart.ts": {"path":"/Users/lucas.brogni/projects/cursor-config/shopping_cart/src/ShoppingCart.ts","statementMap":{"0":{"start":{"line":1,"column":0},"end":{"line":1,"column":34}},"1":{"start":{"line":9,"column":31},"end":{"line":9,"column":66}},"2":{"start":{"line":7,"column":10},"end":{"line":7,"column":36}},"3":{"start":{"line":10,"column":4},"end":{"line":10,"column":28}},"4":{"start":{"line":14,"column":21},"end":{"line":14,"column":58}},"5":{"start":{"line":15,"column":4},"end":{"line":15,"column":39}},"6":{"start":{"line":16,"column":4},"end":{"line":16,"column":33}},"7":{"start":{"line":17,"column":4},"end":{"line":17,"column":54}},"8":{"start":{"line":21,"column":21},"end":{"line":21,"column":58}},"9":{"start":{"line":22,"column":4},"end":{"line":22,"column":39}},"10":{"start":{"line":23,"column":4},"end":{"line":23,"column":31}},"11":{"start":{"line":27,"column":4},"end":{"line":27,"column":20}},"12":{"start":{"line":31,"column":4},"end":{"line":31,"column":54}},"13":{"start":{"line":5,"column":0},"end":{"line":5,"column":13}}},"fnMap":{"0":{"name":"(anonymous_0)","decl":{"start":{"line":9,"column":2},"end":{"line":9,"column":31}},"loc":{"start":{"line":9,"column":79},"end":{"line":11,"column":3}}},"1":{"name":"(anonymous_1)","decl":{"start":{"line":13,"column":2},"end":{"line":13,"column":7}},"loc":{"start":{"line":13,"column":35},"end":{"line":18,"column":3}}},"2":{"name":"(anonymous_2)","decl":{"start":{"line":20,"column":2},"end":{"line":20,"column":7}},"loc":{"start":{"line":20,"column":20},"end":{"line":24,"column":3}}},"3":{"name":"(anonymous_3)","decl":{"start":{"line":26,"column":2},"end":{"line":26,"column":4}},"loc":{"start":{"line":26,"column":4},"end":{"line":28,"column":3}}},"4":{"name":"(anonymous_4)","decl":{"start":{"line":30,"column":2},"end":{"line":30,"column":7}},"loc":{"start":{"line":30,"column":12},"end":{"line":32,"column":3}}}},"branchMap":{"0":{"loc":{"start":{"line":10,"column":15},"end":{"line":10,"column":27}},"type":"cond-expr","locations":[{"start":{"line":10,"column":15},"end":{"line":10,"column":17}},{"start":{"line":10,"column":21},"end":{"line":10,"column":27}}]},"1":{"loc":{"start":{"line":10,"column":15},"end":{"line":10,"column":21}},"type":"binary-expr","locations":[{"start":{"line":10,"column":15},"end":{"line":10,"column":21}},{"start":{"line":10,"column":15},"end":{"line":10,"column":21}}]}},"s":{"0":1,"1":3,"2":3,"3":3,"4":4,"5":4,"6":4,"7":4,"8":3,"9":3,"10":3,"11":8,"12":0,"13":1},"f":{"0":3,"1":4,"2":3,"3":8,"4":0},"b":{"0":[0,3],"1":[3,3]}}
,"/Users/lucas.brogni/projects/cursor-config/shopping_cart/src/repositories/FakeShoppingCartRepository.ts": {"path":"/Users/lucas.brogni/projects/cursor-config/shopping_cart/src/repositories/FakeShoppingCartRepository.ts","statementMap":{"0":{"start":{"line":1,"column":0},"end":{"line":1,"column":37}},"1":{"start":{"line":6,"column":10},"end":{"line":6,"column":42}},"2":{"start":{"line":7,"column":10},"end":{"line":7,"column":93}},"3":{"start":{"line":8,"column":10},"end":{"line":8,"column":78}},"4":{"start":{"line":11,"column":4},"end":{"line":11,"column":44}},"5":{"start":{"line":15,"column":4},"end":{"line":15,"column":31}},"6":{"start":{"line":16,"column":4},"end":{"line":19,"column":6}},"7":{"start":{"line":18,"column":31},"end":{"line":18,"column":72}},"8":{"start":{"line":21,"column":4},"end":{"line":25,"column":7}},"9":{"start":{"line":22,"column":6},"end":{"line":24,"column":7}},"10":{"start":{"line":23,"column":8},"end":{"line":23,"column":76}},"11":{"start":{"line":29,"column":4},"end":{"line":31,"column":5}},"12":{"start":{"line":30,"column":6},"end":{"line":30,"column":34}},"13":{"start":{"line":32,"column":25},"end":{"line":32,"column":57}},"14":{"start":{"line":33,"column":21},"end":{"line":36,"column":6}},"15":{"start":{"line":34,"column":19},"end":{"line":34,"column":78}},"16":{"start":{"line":35,"column":6},"end":{"line":35,"column":63}},"17":{"start":{"line":37,"column":4},"end":{"line":37,"column":28}},"18":{"start":{"line":5,"column":0},"end":{"line":5,"column":13}}},"fnMap":{"0":{"name":"(anonymous_0)","decl":{"start":{"line":5,"column":0},"end":{"line":5,"column":13}},"loc":{"start":{"line":5,"column":0},"end":{"line":39,"column":1}}},"1":{"name":"(anonymous_1)","decl":{"start":{"line":10,"column":2},"end":{"line":10,"column":17}},"loc":{"start":{"line":10,"column":57},"end":{"line":12,"column":3}}},"2":{"name":"(anonymous_2)","decl":{"start":{"line":14,"column":2},"end":{"line":14,"column":7}},"loc":{"start":{"line":14,"column":52},"end":{"line":26,"column":3}}},"3":{"name":"(anonymous_3)","decl":{"start":{"line":18,"column":19},"end":{"line":18,"column":26}},"loc":{"start":{"line":18,"column":31},"end":{"line":18,"column":72}}},"4":{"name":"(anonymous_4)","decl":{"start":{"line":21,"column":21},"end":{"line":21,"column":28}},"loc":{"start":{"line":21,"column":31},"end":{"line":25,"column":5}}},"5":{"name":"(anonymous_5)","decl":{"start":{"line":28,"column":2},"end":{"line":28,"column":7}},"loc":{"start":{"line":28,"column":23},"end":{"line":38,"column":3}}},"6":{"name":"(anonymous_6)","decl":{"start":{"line":33,"column":38},"end":{"line":33,"column":40}},"loc":{"start":{"line":33,"column":43},"end":{"line":36,"column":5}}}},"branchMap":{"0":{"loc":{"start":{"line":22,"column":6},"end":{"line":24,"column":7}},"type":"if","locations":[{"start":{"line":22,"column":6},"end":{"line":24,"column":7}}]},"1":{"loc":{"start":{"line":29,"column":4},"end":{"line":31,"column":5}},"type":"if","locations":[{"start":{"line":29,"column":4},"end":{"line":31,"column":5}}]},"2":{"loc":{"start":{"line":32,"column":25},"end":{"line":32,"column":57}},"type":"binary-expr","locations":[{"start":{"line":32,"column":25},"end":{"line":32,"column":51}},{"start":{"line":32,"column":55},"end":{"line":32,"column":57}}]},"3":{"loc":{"start":{"line":34,"column":19},"end":{"line":34,"column":78}},"type":"binary-expr","locations":[{"start":{"line":34,"column":19},"end":{"line":34,"column":52}},{"start":{"line":34,"column":56},"end":{"line":34,"column":78}}]}},"s":{"0":1,"1":3,"2":3,"3":3,"4":4,"5":4,"6":4,"7":7,"8":4,"9":7,"10":4,"11":7,"12":3,"13":4,"14":4,"15":7,"16":7,"17":4,"18":1},"f":{"0":3,"1":4,"2":4,"3":7,"4":7,"5":7,"6":7},"b":{"0":[4],"1":[3],"2":[4,0],"3":[7,0]}}
}
