TN:
SF:src/Product.ts
FN:2,(anonymous_0)
FN:8,(anonymous_1)
FN:12,(anonymous_2)
FN:16,(anonymous_3)
FNF:4
FNH:4
FNDA:5,(anonymous_0)
FNDA:10,(anonymous_1)
FNDA:4,(anonymous_2)
FNDA:6,(anonymous_3)
DA:1,1
DA:3,5
DA:4,5
DA:5,5
DA:9,10
DA:13,4
DA:17,6
LF:7
LH:7
BRF:0
BRH:0
end_of_record
TN:
SF:src/ShoppingCart.ts
FN:9,(anonymous_0)
FN:13,(anonymous_1)
FN:20,(anonymous_2)
FN:26,(anonymous_3)
FN:30,(anonymous_4)
FNF:5
FNH:4
FNDA:2,(anonymous_0)
FNDA:2,(anonymous_1)
FNDA:1,(anonymous_2)
FNDA:5,(anonymous_3)
FNDA:0,(anonymous_4)
DA:1,1
DA:5,1
DA:7,2
DA:9,2
DA:10,2
DA:14,2
DA:15,2
DA:16,2
DA:17,2
DA:21,1
DA:22,1
DA:23,1
DA:27,5
DA:31,0
LF:14
LH:13
BRDA:10,0,0,2
BRDA:10,0,1,0
BRDA:10,1,0,2
BRDA:10,1,1,2
BRF:4
BRH:3
end_of_record
TN:
SF:src/api/ShoppingCartController.ts
FN:4,ShoppingCartController
FN:7,(anonymous_1)
FNF:2
FNH:2
FNDA:1,ShoppingCartController
FNDA:1,(anonymous_1)
DA:1,1
DA:4,1
DA:5,1
DA:7,1
DA:8,1
DA:9,1
DA:12,1
LF:7
LH:7
BRF:0
BRH:0
end_of_record
TN:
SF:src/api/index.ts
FN:6,createApp
FNF:1
FNH:1
FNDA:1,createApp
DA:1,1
DA:3,1
DA:4,1
DA:6,1
DA:7,1
DA:8,1
DA:9,1
DA:10,1
DA:11,1
LF:9
LH:9
BRF:0
BRH:0
end_of_record
TN:
SF:src/application/GetShoppingCartSummaryService.ts
FN:12,(anonymous_0)
FN:14,(anonymous_1)
FN:18,(anonymous_2)
FN:23,(anonymous_3)
FNF:4
FNH:4
FNDA:1,(anonymous_0)
FNDA:1,(anonymous_1)
FNDA:2,(anonymous_2)
FNDA:2,(anonymous_3)
DA:2,1
DA:11,1
DA:12,1
DA:15,1
DA:16,1
DA:17,1
DA:18,2
DA:19,1
DA:23,2
LF:9
LH:9
BRF:0
BRH:0
end_of_record
TN:
SF:src/repositories/FakeShoppingCartRepository.ts
FN:5,(anonymous_0)
FN:10,(anonymous_1)
FN:14,(anonymous_2)
FN:18,(anonymous_3)
FN:21,(anonymous_4)
FN:28,(anonymous_5)
FN:33,(anonymous_6)
FNF:7
FNH:7
FNDA:1,(anonymous_0)
FNDA:2,(anonymous_1)
FNDA:2,(anonymous_2)
FNDA:3,(anonymous_3)
FNDA:3,(anonymous_4)
FNDA:3,(anonymous_5)
FNDA:3,(anonymous_6)
DA:1,1
DA:5,1
DA:6,1
DA:7,1
DA:8,1
DA:11,2
DA:15,2
DA:16,2
DA:18,3
DA:21,2
DA:22,3
DA:23,2
DA:29,3
DA:30,1
DA:32,2
DA:33,2
DA:34,3
DA:35,3
DA:37,2
LF:19
LH:19
BRDA:22,0,0,2
BRDA:29,1,0,1
BRDA:32,2,0,2
BRDA:32,2,1,0
BRDA:34,3,0,3
BRDA:34,3,1,0
BRF:6
BRH:4
end_of_record
