TN:
SF:src/Product.ts
FN:2,(anonymous_0)
FN:8,(anonymous_1)
FN:12,(anonymous_2)
FN:16,(anonymous_3)
FNF:4
FNH:4
FNDA:20,(anonymous_0)
FNDA:36,(anonymous_1)
FNDA:12,(anonymous_2)
FNDA:16,(anonymous_3)
DA:1,2
DA:3,20
DA:4,20
DA:5,20
DA:9,36
DA:13,12
DA:17,16
LF:7
LH:7
BRF:0
BRH:0
end_of_record
TN:
SF:src/ShoppingCart.ts
FN:9,(anonymous_0)
FN:13,(anonymous_1)
FN:20,(anonymous_2)
FN:26,(anonymous_3)
FN:30,(anonymous_4)
FN:34,(anonymous_5)
FNF:6
FNH:6
FNDA:7,(anonymous_0)
FNDA:6,(anonymous_1)
FNDA:5,(anonymous_2)
FNDA:16,(anonymous_3)
FNDA:1,(anonymous_4)
FNDA:1,(anonymous_5)
DA:1,2
DA:5,2
DA:7,7
DA:9,7
DA:10,7
DA:14,6
DA:15,6
DA:16,6
DA:17,6
DA:21,5
DA:22,5
DA:23,5
DA:27,16
DA:31,1
DA:35,1
LF:15
LH:15
BRDA:10,0,0,4
BRDA:10,0,1,3
BRDA:10,1,0,7
BRDA:10,1,1,7
BRF:4
BRH:4
end_of_record
TN:
SF:src/api/ShoppingCartController.ts
FN:5,ShoppingCartController
FN:11,(anonymous_1)
FN:16,(anonymous_2)
FNF:3
FNH:3
FNDA:2,ShoppingCartController
FNDA:2,(anonymous_1)
FNDA:1,(anonymous_2)
DA:1,1
DA:5,1
DA:9,2
DA:11,2
DA:12,2
DA:13,2
DA:16,2
DA:17,1
DA:18,1
DA:21,2
LF:10
LH:10
BRF:0
BRH:0
end_of_record
TN:
SF:src/api/index.ts
FN:7,createApp
FNF:1
FNH:1
FNDA:2,createApp
DA:1,1
DA:3,1
DA:4,1
DA:5,1
DA:7,1
DA:8,2
DA:9,2
DA:10,2
DA:11,2
DA:12,2
DA:13,2
LF:11
LH:11
BRF:0
BRH:0
end_of_record
TN:
SF:src/application/GetShoppingCartSummaryService.ts
FN:12,(anonymous_0)
FN:14,(anonymous_1)
FN:18,(anonymous_2)
FN:23,(anonymous_3)
FNF:4
FNH:4
FNDA:2,(anonymous_0)
FNDA:2,(anonymous_1)
FNDA:4,(anonymous_2)
FNDA:4,(anonymous_3)
DA:2,1
DA:11,1
DA:12,2
DA:15,2
DA:16,2
DA:17,2
DA:18,4
DA:19,2
DA:23,4
LF:9
LH:9
BRF:0
BRH:0
end_of_record
TN:
SF:src/application/SaveShoppingCartService.ts
FN:6,(anonymous_0)
FN:8,(anonymous_1)
FN:10,(anonymous_2)
FNF:3
FNH:3
FNDA:2,(anonymous_0)
FNDA:1,(anonymous_1)
FNDA:2,(anonymous_2)
DA:2,1
DA:3,1
DA:5,1
DA:6,2
DA:9,1
DA:10,2
DA:11,1
DA:12,1
LF:8
LH:8
BRF:0
BRH:0
end_of_record
TN:
SF:src/repositories/FakeShoppingCartRepository.ts
FN:5,(anonymous_0)
FN:10,(anonymous_1)
FN:14,(anonymous_2)
FN:18,(anonymous_3)
FN:21,(anonymous_4)
FN:28,(anonymous_5)
FN:33,(anonymous_6)
FNF:7
FNH:7
FNDA:5,(anonymous_0)
FNDA:8,(anonymous_1)
FNDA:7,(anonymous_2)
FNDA:12,(anonymous_3)
FNDA:12,(anonymous_4)
FNDA:11,(anonymous_5)
FNDA:12,(anonymous_6)
DA:1,2
DA:5,2
DA:6,5
DA:7,5
DA:8,5
DA:11,8
DA:15,7
DA:16,7
DA:18,12
DA:21,7
DA:22,12
DA:23,8
DA:29,11
DA:30,4
DA:32,7
DA:33,7
DA:34,12
DA:35,12
DA:37,7
LF:19
LH:19
BRDA:22,0,0,8
BRDA:29,1,0,4
BRDA:32,2,0,7
BRDA:32,2,1,0
BRDA:34,3,0,12
BRDA:34,3,1,0
BRF:6
BRH:4
end_of_record
