<?xml version="1.0" encoding="UTF-8"?>
<coverage generated="1750680582894" clover="3.2.0">
  <project timestamp="1750680582894" name="All files">
    <metrics statements="83" coveredstatements="75" conditionals="23" coveredconditionals="16" methods="23" coveredmethods="20" elements="129" coveredelements="111" complexity="0" loc="83" ncloc="83" packages="3" files="7" classes="7"/>
    <package name="src">
      <metrics statements="21" coveredstatements="13" conditionals="4" coveredconditionals="3" methods="9" coveredmethods="6"/>
      <file name="Product.ts" path="/Users/lucas.brogni/projects/cursor-config/src/Product.ts">
        <metrics statements="7" coveredstatements="7" conditionals="0" coveredconditionals="0" methods="4" coveredmethods="4"/>
        <line num="1" count="1" type="stmt"/>
        <line num="3" count="36" type="stmt"/>
        <line num="4" count="36" type="stmt"/>
        <line num="5" count="36" type="stmt"/>
        <line num="9" count="43" type="stmt"/>
        <line num="13" count="13" type="stmt"/>
        <line num="17" count="13" type="stmt"/>
      </file>
      <file name="ShoppingCart.ts" path="/Users/lucas.brogni/projects/cursor-config/src/ShoppingCart.ts">
        <metrics statements="14" coveredstatements="6" conditionals="4" coveredconditionals="3" methods="5" coveredmethods="2"/>
        <line num="1" count="1" type="stmt"/>
        <line num="5" count="1" type="stmt"/>
        <line num="7" count="14" type="stmt"/>
        <line num="9" count="14" type="stmt"/>
        <line num="10" count="14" type="cond" truecount="3" falsecount="1"/>
        <line num="14" count="0" type="stmt"/>
        <line num="15" count="0" type="stmt"/>
        <line num="16" count="0" type="stmt"/>
        <line num="17" count="0" type="stmt"/>
        <line num="21" count="0" type="stmt"/>
        <line num="22" count="0" type="stmt"/>
        <line num="23" count="0" type="stmt"/>
        <line num="27" count="58" type="stmt"/>
        <line num="31" count="0" type="stmt"/>
      </file>
    </package>
    <package name="src.entities">
      <metrics statements="20" coveredstatements="20" conditionals="0" coveredconditionals="0" methods="2" coveredmethods="2"/>
      <file name="CartProductEntity.ts" path="/Users/lucas.brogni/projects/cursor-config/src/entities/CartProductEntity.ts">
        <metrics statements="12" coveredstatements="12" conditionals="0" coveredconditionals="0" methods="2" coveredmethods="2"/>
        <line num="1" count="1" type="stmt"/>
        <line num="2" count="1" type="stmt"/>
        <line num="3" count="1" type="stmt"/>
        <line num="6" count="1" type="stmt"/>
        <line num="8" count="1" type="stmt"/>
        <line num="11" count="1" type="stmt"/>
        <line num="14" count="1" type="stmt"/>
        <line num="17" count="1" type="stmt"/>
        <line num="19" count="1" type="stmt"/>
        <line num="21" count="1" type="stmt"/>
        <line num="23" count="1" type="stmt"/>
        <line num="25" count="1" type="stmt"/>
      </file>
      <file name="ProductEntity.ts" path="/Users/lucas.brogni/projects/cursor-config/src/entities/ProductEntity.ts">
        <metrics statements="5" coveredstatements="5" conditionals="0" coveredconditionals="0" methods="0" coveredmethods="0"/>
        <line num="1" count="1" type="stmt"/>
        <line num="4" count="1" type="stmt"/>
        <line num="6" count="1" type="stmt"/>
        <line num="9" count="1" type="stmt"/>
        <line num="12" count="1" type="stmt"/>
      </file>
      <file name="ShoppingCartEntity.ts" path="/Users/lucas.brogni/projects/cursor-config/src/entities/ShoppingCartEntity.ts">
        <metrics statements="3" coveredstatements="3" conditionals="0" coveredconditionals="0" methods="0" coveredmethods="0"/>
        <line num="1" count="1" type="stmt"/>
        <line num="4" count="1" type="stmt"/>
        <line num="6" count="1" type="stmt"/>
      </file>
    </package>
    <package name="src.repositories">
      <metrics statements="42" coveredstatements="42" conditionals="19" coveredconditionals="13" methods="12" coveredmethods="12"/>
      <file name="FakeShoppingCartRepository.ts" path="/Users/lucas.brogni/projects/cursor-config/src/repositories/FakeShoppingCartRepository.ts">
        <metrics statements="19" coveredstatements="19" conditionals="6" coveredconditionals="4" methods="7" coveredmethods="7"/>
        <line num="1" count="1" type="stmt"/>
        <line num="5" count="1" type="stmt"/>
        <line num="6" count="12" type="stmt"/>
        <line num="7" count="12" type="stmt"/>
        <line num="8" count="12" type="stmt"/>
        <line num="11" count="57" type="stmt"/>
        <line num="15" count="7" type="stmt"/>
        <line num="16" count="7" type="stmt"/>
        <line num="18" count="10" type="stmt"/>
        <line num="21" count="7" type="stmt"/>
        <line num="22" count="10" type="cond" truecount="1" falsecount="0"/>
        <line num="23" count="9" type="stmt"/>
        <line num="29" count="7" type="cond" truecount="1" falsecount="0"/>
        <line num="30" count="1" type="stmt"/>
        <line num="32" count="6" type="cond" truecount="1" falsecount="1"/>
        <line num="33" count="6" type="stmt"/>
        <line num="34" count="9" type="cond" truecount="1" falsecount="1"/>
        <line num="35" count="9" type="stmt"/>
        <line num="37" count="6" type="stmt"/>
      </file>
      <file name="PostgresShoppingCartRepository.ts" path="/Users/lucas.brogni/projects/cursor-config/src/repositories/PostgresShoppingCartRepository.ts">
        <metrics statements="23" coveredstatements="23" conditionals="13" coveredconditionals="9" methods="5" coveredmethods="5"/>
        <line num="2" count="1" type="stmt"/>
        <line num="4" count="1" type="stmt"/>
        <line num="5" count="1" type="stmt"/>
        <line num="8" count="1" type="stmt"/>
        <line num="13" count="1" type="stmt"/>
        <line num="14" count="1" type="stmt"/>
        <line num="18" count="7" type="stmt"/>
        <line num="19" count="7" type="cond" truecount="1" falsecount="0"/>
        <line num="20" count="6" type="stmt"/>
        <line num="21" count="6" type="stmt"/>
        <line num="22" count="6" type="stmt"/>
        <line num="25" count="7" type="stmt"/>
        <line num="27" count="7" type="stmt"/>
        <line num="28" count="10" type="stmt"/>
        <line num="29" count="10" type="stmt"/>
        <line num="30" count="10" type="stmt"/>
        <line num="31" count="10" type="stmt"/>
        <line num="32" count="10" type="stmt"/>
        <line num="34" count="7" type="stmt"/>
        <line num="38" count="7" type="stmt"/>
        <line num="42" count="7" type="stmt"/>
        <line num="43" count="9" type="cond" truecount="8" falsecount="4"/>
        <line num="45" count="7" type="stmt"/>
      </file>
    </package>
  </project>
</coverage>
