TN:
SF:src/Product.ts
FN:2,(anonymous_0)
FN:8,(anonymous_1)
FN:12,(anonymous_2)
FN:16,(anonymous_3)
FNF:4
FNH:4
FNDA:36,(anonymous_0)
FNDA:43,(anonymous_1)
FNDA:13,(anonymous_2)
FNDA:13,(anonymous_3)
DA:1,1
DA:3,36
DA:4,36
DA:5,36
DA:9,43
DA:13,13
DA:17,13
LF:7
LH:7
BRF:0
BRH:0
end_of_record
TN:
SF:src/ShoppingCart.ts
FN:9,(anonymous_0)
FN:13,(anonymous_1)
FN:20,(anonymous_2)
FN:26,(anonymous_3)
FN:30,(anonymous_4)
FNF:5
FNH:2
FNDA:14,(anonymous_0)
FNDA:0,(anonymous_1)
FNDA:0,(anonymous_2)
FNDA:58,(anonymous_3)
FNDA:0,(anonymous_4)
DA:1,1
DA:5,1
DA:7,14
DA:9,14
DA:10,14
DA:14,0
DA:15,0
DA:16,0
DA:17,0
DA:21,0
DA:22,0
DA:23,0
DA:27,58
DA:31,0
LF:14
LH:6
BRDA:10,0,0,14
BRDA:10,0,1,0
BRDA:10,1,0,14
BRDA:10,1,1,14
BRF:4
BRH:3
end_of_record
TN:
SF:src/entities/CartProductEntity.ts
FN:19,(anonymous_2)
FN:23,(anonymous_3)
FNF:2
FNH:2
FNDA:1,(anonymous_2)
FNDA:1,(anonymous_3)
DA:1,1
DA:2,1
DA:3,1
DA:6,1
DA:8,1
DA:11,1
DA:14,1
DA:17,1
DA:19,1
DA:21,1
DA:23,1
DA:25,1
LF:12
LH:12
BRF:0
BRH:0
end_of_record
TN:
SF:src/entities/ProductEntity.ts
FNF:0
FNH:0
DA:1,1
DA:4,1
DA:6,1
DA:9,1
DA:12,1
LF:5
LH:5
BRF:0
BRH:0
end_of_record
TN:
SF:src/entities/ShoppingCartEntity.ts
FNF:0
FNH:0
DA:1,1
DA:4,1
DA:6,1
LF:3
LH:3
BRF:0
BRH:0
end_of_record
TN:
SF:src/repositories/FakeShoppingCartRepository.ts
FN:5,(anonymous_0)
FN:10,(anonymous_1)
FN:14,(anonymous_2)
FN:18,(anonymous_3)
FN:21,(anonymous_4)
FN:28,(anonymous_5)
FN:33,(anonymous_6)
FNF:7
FNH:7
FNDA:12,(anonymous_0)
FNDA:57,(anonymous_1)
FNDA:7,(anonymous_2)
FNDA:10,(anonymous_3)
FNDA:10,(anonymous_4)
FNDA:7,(anonymous_5)
FNDA:9,(anonymous_6)
DA:1,1
DA:5,1
DA:6,12
DA:7,12
DA:8,12
DA:11,57
DA:15,7
DA:16,7
DA:18,10
DA:21,7
DA:22,10
DA:23,9
DA:29,7
DA:30,1
DA:32,6
DA:33,6
DA:34,9
DA:35,9
DA:37,6
LF:19
LH:19
BRDA:22,0,0,9
BRDA:29,1,0,1
BRDA:32,2,0,6
BRDA:32,2,1,0
BRDA:34,3,0,9
BRDA:34,3,1,0
BRF:6
BRH:4
end_of_record
TN:
SF:src/repositories/PostgresShoppingCartRepository.ts
FN:12,(anonymous_0)
FN:17,(anonymous_1)
FN:27,(anonymous_2)
FN:37,(anonymous_3)
FN:42,(anonymous_4)
FNF:5
FNH:5
FNDA:1,(anonymous_0)
FNDA:7,(anonymous_1)
FNDA:10,(anonymous_2)
FNDA:7,(anonymous_3)
FNDA:9,(anonymous_4)
DA:2,1
DA:4,1
DA:5,1
DA:8,1
DA:13,1
DA:14,1
DA:18,7
DA:19,7
DA:20,6
DA:21,6
DA:22,6
DA:25,7
DA:27,7
DA:28,10
DA:29,10
DA:30,10
DA:31,10
DA:32,10
DA:34,7
DA:38,7
DA:42,7
DA:43,9
DA:45,7
LF:23
LH:23
BRDA:19,0,0,6
BRDA:43,1,0,9
BRDA:43,1,1,0
BRDA:43,2,0,0
BRDA:43,2,1,9
BRDA:43,3,0,9
BRDA:43,3,1,9
BRDA:43,4,0,9
BRDA:43,4,1,0
BRDA:43,5,0,0
BRDA:43,5,1,9
BRDA:43,6,0,9
BRDA:43,6,1,9
BRF:13
BRH:9
end_of_record
